nohup: ignoring input

Serving /root/blog/docs now.
Listening at http://localhost:3000

TypeError: Cannot read property 'split' of undefined
    at livereload (/usr/lib/node_modules/docsify-cli/node_modules/connect-livereload/index.js:95:41)
    at call (/usr/lib/node_modules/docsify-cli/node_modules/connect/index.js:239:7)
    at next (/usr/lib/node_modules/docsify-cli/node_modules/connect/index.js:183:5)
    at Function.handle (/usr/lib/node_modules/docsify-cli/node_modules/connect/index.js:186:3)
    at Server.app (/usr/lib/node_modules/docsify-cli/node_modules/connect/index.js:51:37)
    at Server.emit (events.js:314:20)
    at parserOnIncoming (_http_server.js:779:12)
    at HTTPParser.parserOnHeadersComplete (_http_common.js:122:17)
TypeError: Cannot read property 'split' of undefined
    at livereload (/usr/lib/node_modules/docsify-cli/node_modules/connect-livereload/index.js:95:41)
    at call (/usr/lib/node_modules/docsify-cli/node_modules/connect/index.js:239:7)
    at next (/usr/lib/node_modules/docsify-cli/node_modules/connect/index.js:183:5)
    at Function.handle (/usr/lib/node_modules/docsify-cli/node_modules/connect/index.js:186:3)
    at Server.app (/usr/lib/node_modules/docsify-cli/node_modules/connect/index.js:51:37)
    at Server.emit (events.js:314:20)
    at parserOnIncoming (_http_server.js:779:12)
    at HTTPParser.parserOnHeadersComplete (_http_common.js:122:17)
TypeError: Cannot read property 'split' of undefined
    at livereload (/usr/lib/node_modules/docsify-cli/node_modules/connect-livereload/index.js:95:41)
    at call (/usr/lib/node_modules/docsify-cli/node_modules/connect/index.js:239:7)
    at next (/usr/lib/node_modules/docsify-cli/node_modules/connect/index.js:183:5)
    at Function.handle (/usr/lib/node_modules/docsify-cli/node_modules/connect/index.js:186:3)
    at Server.app (/usr/lib/node_modules/docsify-cli/node_modules/connect/index.js:51:37)
    at Server.emit (events.js:314:20)
    at parserOnIncoming (_http_server.js:779:12)
    at HTTPParser.parserOnHeadersComplete (_http_common.js:122:17)
TypeError: Cannot read property 'split' of undefined
    at livereload (/usr/lib/node_modules/docsify-cli/node_modules/connect-livereload/index.js:95:41)
    at call (/usr/lib/node_modules/docsify-cli/node_modules/connect/index.js:239:7)
    at next (/usr/lib/node_modules/docsify-cli/node_modules/connect/index.js:183:5)
    at Function.handle (/usr/lib/node_modules/docsify-cli/node_modules/connect/index.js:186:3)
    at Server.app (/usr/lib/node_modules/docsify-cli/node_modules/connect/index.js:51:37)
    at Server.emit (events.js:314:20)
    at parserOnIncoming (_http_server.js:779:12)
    at HTTPParser.parserOnHeadersComplete (_http_common.js:122:17)
TypeError: Cannot read property 'split' of undefined
    at livereload (/usr/lib/node_modules/docsify-cli/node_modules/connect-livereload/index.js:95:41)
    at call (/usr/lib/node_modules/docsify-cli/node_modules/connect/index.js:239:7)
    at next (/usr/lib/node_modules/docsify-cli/node_modules/connect/index.js:183:5)
    at Function.handle (/usr/lib/node_modules/docsify-cli/node_modules/connect/index.js:186:3)
    at Server.app (/usr/lib/node_modules/docsify-cli/node_modules/connect/index.js:51:37)
    at Server.emit (events.js:314:20)
    at parserOnIncoming (_http_server.js:779:12)
    at HTTPParser.parserOnHeadersComplete (_http_common.js:122:17)
TypeError: Cannot read property 'split' of undefined
    at livereload (/usr/lib/node_modules/docsify-cli/node_modules/connect-livereload/index.js:95:41)
    at call (/usr/lib/node_modules/docsify-cli/node_modules/connect/index.js:239:7)
    at next (/usr/lib/node_modules/docsify-cli/node_modules/connect/index.js:183:5)
    at Function.handle (/usr/lib/node_modules/docsify-cli/node_modules/connect/index.js:186:3)
    at Server.app (/usr/lib/node_modules/docsify-cli/node_modules/connect/index.js:51:37)
    at Server.emit (events.js:314:20)
    at parserOnIncoming (_http_server.js:779:12)
    at HTTPParser.parserOnHeadersComplete (_http_common.js:122:17)
TypeError: Cannot read property 'split' of undefined
    at livereload (/usr/lib/node_modules/docsify-cli/node_modules/connect-livereload/index.js:95:41)
    at call (/usr/lib/node_modules/docsify-cli/node_modules/connect/index.js:239:7)
    at next (/usr/lib/node_modules/docsify-cli/node_modules/connect/index.js:183:5)
    at Function.handle (/usr/lib/node_modules/docsify-cli/node_modules/connect/index.js:186:3)
    at Server.app (/usr/lib/node_modules/docsify-cli/node_modules/connect/index.js:51:37)
    at Server.emit (events.js:314:20)
    at parserOnIncoming (_http_server.js:779:12)
    at HTTPParser.parserOnHeadersComplete (_http_common.js:122:17)
TypeError: Cannot read property 'split' of undefined
    at livereload (/usr/lib/node_modules/docsify-cli/node_modules/connect-livereload/index.js:95:41)
    at call (/usr/lib/node_modules/docsify-cli/node_modules/connect/index.js:239:7)
    at next (/usr/lib/node_modules/docsify-cli/node_modules/connect/index.js:183:5)
    at Function.handle (/usr/lib/node_modules/docsify-cli/node_modules/connect/index.js:186:3)
    at Server.app (/usr/lib/node_modules/docsify-cli/node_modules/connect/index.js:51:37)
    at Server.emit (events.js:314:20)
    at parserOnIncoming (_http_server.js:779:12)
    at HTTPParser.parserOnHeadersComplete (_http_common.js:122:17)
TypeError: Cannot read property 'split' of undefined
    at livereload (/usr/lib/node_modules/docsify-cli/node_modules/connect-livereload/index.js:95:41)
    at call (/usr/lib/node_modules/docsify-cli/node_modules/connect/index.js:239:7)
    at next (/usr/lib/node_modules/docsify-cli/node_modules/connect/index.js:183:5)
    at Function.handle (/usr/lib/node_modules/docsify-cli/node_modules/connect/index.js:186:3)
    at Server.app (/usr/lib/node_modules/docsify-cli/node_modules/connect/index.js:51:37)
    at Server.emit (events.js:314:20)
    at parserOnIncoming (_http_server.js:779:12)
    at HTTPParser.parserOnHeadersComplete (_http_common.js:122:17)
TypeError: Cannot read property 'split' of undefined
    at livereload (/usr/lib/node_modules/docsify-cli/node_modules/connect-livereload/index.js:95:41)
    at call (/usr/lib/node_modules/docsify-cli/node_modules/connect/index.js:239:7)
    at next (/usr/lib/node_modules/docsify-cli/node_modules/connect/index.js:183:5)
    at Function.handle (/usr/lib/node_modules/docsify-cli/node_modules/connect/index.js:186:3)
    at Server.app (/usr/lib/node_modules/docsify-cli/node_modules/connect/index.js:51:37)
    at Server.emit (events.js:314:20)
    at parserOnIncoming (_http_server.js:779:12)
    at HTTPParser.parserOnHeadersComplete (_http_common.js:122:17)
TypeError: Cannot read property 'split' of undefined
    at livereload (/usr/lib/node_modules/docsify-cli/node_modules/connect-livereload/index.js:95:41)
    at call (/usr/lib/node_modules/docsify-cli/node_modules/connect/index.js:239:7)
    at next (/usr/lib/node_modules/docsify-cli/node_modules/connect/index.js:183:5)
    at Function.handle (/usr/lib/node_modules/docsify-cli/node_modules/connect/index.js:186:3)
    at Server.app (/usr/lib/node_modules/docsify-cli/node_modules/connect/index.js:51:37)
    at Server.emit (events.js:314:20)
    at parserOnIncoming (_http_server.js:779:12)
    at HTTPParser.parserOnHeadersComplete (_http_common.js:122:17)
TypeError: Cannot read property 'split' of undefined
    at livereload (/usr/lib/node_modules/docsify-cli/node_modules/connect-livereload/index.js:95:41)
    at call (/usr/lib/node_modules/docsify-cli/node_modules/connect/index.js:239:7)
    at next (/usr/lib/node_modules/docsify-cli/node_modules/connect/index.js:183:5)
    at Function.handle (/usr/lib/node_modules/docsify-cli/node_modules/connect/index.js:186:3)
    at Server.app (/usr/lib/node_modules/docsify-cli/node_modules/connect/index.js:51:37)
    at Server.emit (events.js:314:20)
    at parserOnIncoming (_http_server.js:779:12)
    at HTTPParser.parserOnHeadersComplete (_http_common.js:122:17)
TypeError: Cannot read property 'split' of undefined
    at livereload (/usr/lib/node_modules/docsify-cli/node_modules/connect-livereload/index.js:95:41)
    at call (/usr/lib/node_modules/docsify-cli/node_modules/connect/index.js:239:7)
    at next (/usr/lib/node_modules/docsify-cli/node_modules/connect/index.js:183:5)
    at Function.handle (/usr/lib/node_modules/docsify-cli/node_modules/connect/index.js:186:3)
    at Server.app (/usr/lib/node_modules/docsify-cli/node_modules/connect/index.js:51:37)
    at Server.emit (events.js:314:20)
    at parserOnIncoming (_http_server.js:779:12)
    at HTTPParser.parserOnHeadersComplete (_http_common.js:122:17)
TypeError: Cannot read property 'split' of undefined
    at livereload (/usr/lib/node_modules/docsify-cli/node_modules/connect-livereload/index.js:95:41)
    at call (/usr/lib/node_modules/docsify-cli/node_modules/connect/index.js:239:7)
    at next (/usr/lib/node_modules/docsify-cli/node_modules/connect/index.js:183:5)
    at Function.handle (/usr/lib/node_modules/docsify-cli/node_modules/connect/index.js:186:3)
    at Server.app (/usr/lib/node_modules/docsify-cli/node_modules/connect/index.js:51:37)
    at Server.emit (events.js:314:20)
    at parserOnIncoming (_http_server.js:779:12)
    at HTTPParser.parserOnHeadersComplete (_http_common.js:122:17)
TypeError: Cannot read property 'split' of undefined
    at livereload (/usr/lib/node_modules/docsify-cli/node_modules/connect-livereload/index.js:95:41)
    at call (/usr/lib/node_modules/docsify-cli/node_modules/connect/index.js:239:7)
    at next (/usr/lib/node_modules/docsify-cli/node_modules/connect/index.js:183:5)
    at Function.handle (/usr/lib/node_modules/docsify-cli/node_modules/connect/index.js:186:3)
    at Server.app (/usr/lib/node_modules/docsify-cli/node_modules/connect/index.js:51:37)
    at Server.emit (events.js:314:20)
    at parserOnIncoming (_http_server.js:779:12)
    at HTTPParser.parserOnHeadersComplete (_http_common.js:122:17)
TypeError: Cannot read property 'split' of undefined
    at livereload (/usr/lib/node_modules/docsify-cli/node_modules/connect-livereload/index.js:95:41)
    at call (/usr/lib/node_modules/docsify-cli/node_modules/connect/index.js:239:7)
    at next (/usr/lib/node_modules/docsify-cli/node_modules/connect/index.js:183:5)
    at Function.handle (/usr/lib/node_modules/docsify-cli/node_modules/connect/index.js:186:3)
    at Server.app (/usr/lib/node_modules/docsify-cli/node_modules/connect/index.js:51:37)
    at Server.emit (events.js:314:20)
    at parserOnIncoming (_http_server.js:779:12)
    at HTTPParser.parserOnHeadersComplete (_http_common.js:122:17)
TypeError: Cannot read property 'split' of undefined
    at livereload (/usr/lib/node_modules/docsify-cli/node_modules/connect-livereload/index.js:95:41)
    at call (/usr/lib/node_modules/docsify-cli/node_modules/connect/index.js:239:7)
    at next (/usr/lib/node_modules/docsify-cli/node_modules/connect/index.js:183:5)
    at Function.handle (/usr/lib/node_modules/docsify-cli/node_modules/connect/index.js:186:3)
    at Server.app (/usr/lib/node_modules/docsify-cli/node_modules/connect/index.js:51:37)
    at Server.emit (events.js:314:20)
    at parserOnIncoming (_http_server.js:779:12)
    at HTTPParser.parserOnHeadersComplete (_http_common.js:122:17)
TypeError: Cannot read property 'split' of undefined
    at livereload (/usr/lib/node_modules/docsify-cli/node_modules/connect-livereload/index.js:95:41)
    at call (/usr/lib/node_modules/docsify-cli/node_modules/connect/index.js:239:7)
    at next (/usr/lib/node_modules/docsify-cli/node_modules/connect/index.js:183:5)
    at Function.handle (/usr/lib/node_modules/docsify-cli/node_modules/connect/index.js:186:3)
    at Server.app (/usr/lib/node_modules/docsify-cli/node_modules/connect/index.js:51:37)
    at Server.emit (events.js:314:20)
    at parserOnIncoming (_http_server.js:779:12)
    at HTTPParser.parserOnHeadersComplete (_http_common.js:122:17)
TypeError: Cannot read property 'split' of undefined
    at livereload (/usr/lib/node_modules/docsify-cli/node_modules/connect-livereload/index.js:95:41)
    at call (/usr/lib/node_modules/docsify-cli/node_modules/connect/index.js:239:7)
    at next (/usr/lib/node_modules/docsify-cli/node_modules/connect/index.js:183:5)
    at Function.handle (/usr/lib/node_modules/docsify-cli/node_modules/connect/index.js:186:3)
    at Server.app (/usr/lib/node_modules/docsify-cli/node_modules/connect/index.js:51:37)
    at Server.emit (events.js:314:20)
    at parserOnIncoming (_http_server.js:779:12)
    at HTTPParser.parserOnHeadersComplete (_http_common.js:122:17)
TypeError: Cannot read property 'split' of undefined
    at livereload (/usr/lib/node_modules/docsify-cli/node_modules/connect-livereload/index.js:95:41)
    at call (/usr/lib/node_modules/docsify-cli/node_modules/connect/index.js:239:7)
    at next (/usr/lib/node_modules/docsify-cli/node_modules/connect/index.js:183:5)
    at Function.handle (/usr/lib/node_modules/docsify-cli/node_modules/connect/index.js:186:3)
    at Server.app (/usr/lib/node_modules/docsify-cli/node_modules/connect/index.js:51:37)
    at Server.emit (events.js:314:20)
    at parserOnIncoming (_http_server.js:779:12)
    at HTTPParser.parserOnHeadersComplete (_http_common.js:122:17)
TypeError: Cannot read property 'split' of undefined
    at livereload (/usr/lib/node_modules/docsify-cli/node_modules/connect-livereload/index.js:95:41)
    at call (/usr/lib/node_modules/docsify-cli/node_modules/connect/index.js:239:7)
    at next (/usr/lib/node_modules/docsify-cli/node_modules/connect/index.js:183:5)
    at Function.handle (/usr/lib/node_modules/docsify-cli/node_modules/connect/index.js:186:3)
    at Server.app (/usr/lib/node_modules/docsify-cli/node_modules/connect/index.js:51:37)
    at Server.emit (events.js:314:20)
    at parserOnIncoming (_http_server.js:779:12)
    at HTTPParser.parserOnHeadersComplete (_http_common.js:122:17)
TypeError: Cannot read property 'split' of undefined
    at livereload (/usr/lib/node_modules/docsify-cli/node_modules/connect-livereload/index.js:95:41)
    at call (/usr/lib/node_modules/docsify-cli/node_modules/connect/index.js:239:7)
    at next (/usr/lib/node_modules/docsify-cli/node_modules/connect/index.js:183:5)
    at Function.handle (/usr/lib/node_modules/docsify-cli/node_modules/connect/index.js:186:3)
    at Server.app (/usr/lib/node_modules/docsify-cli/node_modules/connect/index.js:51:37)
    at Server.emit (events.js:314:20)
    at parserOnIncoming (_http_server.js:779:12)
    at HTTPParser.parserOnHeadersComplete (_http_common.js:122:17)
TypeError: Cannot read property 'split' of undefined
    at livereload (/usr/lib/node_modules/docsify-cli/node_modules/connect-livereload/index.js:95:41)
    at call (/usr/lib/node_modules/docsify-cli/node_modules/connect/index.js:239:7)
    at next (/usr/lib/node_modules/docsify-cli/node_modules/connect/index.js:183:5)
    at Function.handle (/usr/lib/node_modules/docsify-cli/node_modules/connect/index.js:186:3)
    at Server.app (/usr/lib/node_modules/docsify-cli/node_modules/connect/index.js:51:37)
    at Server.emit (events.js:314:20)
    at parserOnIncoming (_http_server.js:779:12)
    at HTTPParser.parserOnHeadersComplete (_http_common.js:122:17)
TypeError: Cannot read property 'split' of undefined
    at livereload (/usr/lib/node_modules/docsify-cli/node_modules/connect-livereload/index.js:95:41)
    at call (/usr/lib/node_modules/docsify-cli/node_modules/connect/index.js:239:7)
    at next (/usr/lib/node_modules/docsify-cli/node_modules/connect/index.js:183:5)
    at Function.handle (/usr/lib/node_modules/docsify-cli/node_modules/connect/index.js:186:3)
    at Server.app (/usr/lib/node_modules/docsify-cli/node_modules/connect/index.js:51:37)
    at Server.emit (events.js:314:20)
    at parserOnIncoming (_http_server.js:779:12)
    at HTTPParser.parserOnHeadersComplete (_http_common.js:122:17)
TypeError: Cannot read property 'split' of undefined
    at livereload (/usr/lib/node_modules/docsify-cli/node_modules/connect-livereload/index.js:95:41)
    at call (/usr/lib/node_modules/docsify-cli/node_modules/connect/index.js:239:7)
    at next (/usr/lib/node_modules/docsify-cli/node_modules/connect/index.js:183:5)
    at Function.handle (/usr/lib/node_modules/docsify-cli/node_modules/connect/index.js:186:3)
    at Server.app (/usr/lib/node_modules/docsify-cli/node_modules/connect/index.js:51:37)
    at Server.emit (events.js:314:20)
    at parserOnIncoming (_http_server.js:779:12)
    at HTTPParser.parserOnHeadersComplete (_http_common.js:122:17)
TypeError: Cannot read property 'split' of undefined
    at livereload (/usr/lib/node_modules/docsify-cli/node_modules/connect-livereload/index.js:95:41)
    at call (/usr/lib/node_modules/docsify-cli/node_modules/connect/index.js:239:7)
    at next (/usr/lib/node_modules/docsify-cli/node_modules/connect/index.js:183:5)
    at Function.handle (/usr/lib/node_modules/docsify-cli/node_modules/connect/index.js:186:3)
    at Server.app (/usr/lib/node_modules/docsify-cli/node_modules/connect/index.js:51:37)
    at Server.emit (events.js:314:20)
    at parserOnIncoming (_http_server.js:779:12)
    at HTTPParser.parserOnHeadersComplete (_http_common.js:122:17)
TypeError: Cannot read property 'split' of undefined
    at livereload (/usr/lib/node_modules/docsify-cli/node_modules/connect-livereload/index.js:95:41)
    at call (/usr/lib/node_modules/docsify-cli/node_modules/connect/index.js:239:7)
    at next (/usr/lib/node_modules/docsify-cli/node_modules/connect/index.js:183:5)
    at Function.handle (/usr/lib/node_modules/docsify-cli/node_modules/connect/index.js:186:3)
    at Server.app (/usr/lib/node_modules/docsify-cli/node_modules/connect/index.js:51:37)
    at Server.emit (events.js:314:20)
    at parserOnIncoming (_http_server.js:779:12)
    at HTTPParser.parserOnHeadersComplete (_http_common.js:122:17)
TypeError: Cannot read property 'split' of undefined
    at livereload (/usr/lib/node_modules/docsify-cli/node_modules/connect-livereload/index.js:95:41)
    at call (/usr/lib/node_modules/docsify-cli/node_modules/connect/index.js:239:7)
    at next (/usr/lib/node_modules/docsify-cli/node_modules/connect/index.js:183:5)
    at Function.handle (/usr/lib/node_modules/docsify-cli/node_modules/connect/index.js:186:3)
    at Server.app (/usr/lib/node_modules/docsify-cli/node_modules/connect/index.js:51:37)
    at Server.emit (events.js:314:20)
    at parserOnIncoming (_http_server.js:779:12)
    at HTTPParser.parserOnHeadersComplete (_http_common.js:122:17)
TypeError: Cannot read property 'split' of undefined
    at livereload (/usr/lib/node_modules/docsify-cli/node_modules/connect-livereload/index.js:95:41)
    at call (/usr/lib/node_modules/docsify-cli/node_modules/connect/index.js:239:7)
    at next (/usr/lib/node_modules/docsify-cli/node_modules/connect/index.js:183:5)
    at Function.handle (/usr/lib/node_modules/docsify-cli/node_modules/connect/index.js:186:3)
    at Server.app (/usr/lib/node_modules/docsify-cli/node_modules/connect/index.js:51:37)
    at Server.emit (events.js:314:20)
    at parserOnIncoming (_http_server.js:779:12)
    at HTTPParser.parserOnHeadersComplete (_http_common.js:122:17)
TypeError: Cannot read property 'split' of undefined
    at livereload (/usr/lib/node_modules/docsify-cli/node_modules/connect-livereload/index.js:95:41)
    at call (/usr/lib/node_modules/docsify-cli/node_modules/connect/index.js:239:7)
    at next (/usr/lib/node_modules/docsify-cli/node_modules/connect/index.js:183:5)
    at Function.handle (/usr/lib/node_modules/docsify-cli/node_modules/connect/index.js:186:3)
    at Server.app (/usr/lib/node_modules/docsify-cli/node_modules/connect/index.js:51:37)
    at Server.emit (events.js:314:20)
    at parserOnIncoming (_http_server.js:779:12)
    at HTTPParser.parserOnHeadersComplete (_http_common.js:122:17)
TypeError: Cannot read property 'split' of undefined
    at livereload (/usr/lib/node_modules/docsify-cli/node_modules/connect-livereload/index.js:95:41)
    at call (/usr/lib/node_modules/docsify-cli/node_modules/connect/index.js:239:7)
    at next (/usr/lib/node_modules/docsify-cli/node_modules/connect/index.js:183:5)
    at Function.handle (/usr/lib/node_modules/docsify-cli/node_modules/connect/index.js:186:3)
    at Server.app (/usr/lib/node_modules/docsify-cli/node_modules/connect/index.js:51:37)
    at Server.emit (events.js:314:20)
    at parserOnIncoming (_http_server.js:779:12)
    at HTTPParser.parserOnHeadersComplete (_http_common.js:122:17)
TypeError: Cannot read property 'split' of undefined
    at livereload (/usr/lib/node_modules/docsify-cli/node_modules/connect-livereload/index.js:95:41)
    at call (/usr/lib/node_modules/docsify-cli/node_modules/connect/index.js:239:7)
    at next (/usr/lib/node_modules/docsify-cli/node_modules/connect/index.js:183:5)
    at Function.handle (/usr/lib/node_modules/docsify-cli/node_modules/connect/index.js:186:3)
    at Server.app (/usr/lib/node_modules/docsify-cli/node_modules/connect/index.js:51:37)
    at Server.emit (events.js:314:20)
    at parserOnIncoming (_http_server.js:779:12)
    at HTTPParser.parserOnHeadersComplete (_http_common.js:122:17)
TypeError: Cannot read property 'split' of undefined
    at livereload (/usr/lib/node_modules/docsify-cli/node_modules/connect-livereload/index.js:95:41)
    at call (/usr/lib/node_modules/docsify-cli/node_modules/connect/index.js:239:7)
    at next (/usr/lib/node_modules/docsify-cli/node_modules/connect/index.js:183:5)
    at Function.handle (/usr/lib/node_modules/docsify-cli/node_modules/connect/index.js:186:3)
    at Server.app (/usr/lib/node_modules/docsify-cli/node_modules/connect/index.js:51:37)
    at Server.emit (events.js:314:20)
    at parserOnIncoming (_http_server.js:779:12)
    at HTTPParser.parserOnHeadersComplete (_http_common.js:122:17)
TypeError: Cannot read property 'split' of undefined
    at livereload (/usr/lib/node_modules/docsify-cli/node_modules/connect-livereload/index.js:95:41)
    at call (/usr/lib/node_modules/docsify-cli/node_modules/connect/index.js:239:7)
    at next (/usr/lib/node_modules/docsify-cli/node_modules/connect/index.js:183:5)
    at Function.handle (/usr/lib/node_modules/docsify-cli/node_modules/connect/index.js:186:3)
    at Server.app (/usr/lib/node_modules/docsify-cli/node_modules/connect/index.js:51:37)
    at Server.emit (events.js:314:20)
    at parserOnIncoming (_http_server.js:779:12)
    at HTTPParser.parserOnHeadersComplete (_http_common.js:122:17)
TypeError: Cannot read property 'split' of undefined
    at livereload (/usr/lib/node_modules/docsify-cli/node_modules/connect-livereload/index.js:95:41)
    at call (/usr/lib/node_modules/docsify-cli/node_modules/connect/index.js:239:7)
    at next (/usr/lib/node_modules/docsify-cli/node_modules/connect/index.js:183:5)
    at Function.handle (/usr/lib/node_modules/docsify-cli/node_modules/connect/index.js:186:3)
    at Server.app (/usr/lib/node_modules/docsify-cli/node_modules/connect/index.js:51:37)
    at Server.emit (events.js:314:20)
    at parserOnIncoming (_http_server.js:779:12)
    at HTTPParser.parserOnHeadersComplete (_http_common.js:122:17)
TypeError: Cannot read property 'split' of undefined
    at livereload (/usr/lib/node_modules/docsify-cli/node_modules/connect-livereload/index.js:95:41)
    at call (/usr/lib/node_modules/docsify-cli/node_modules/connect/index.js:239:7)
    at next (/usr/lib/node_modules/docsify-cli/node_modules/connect/index.js:183:5)
    at Function.handle (/usr/lib/node_modules/docsify-cli/node_modules/connect/index.js:186:3)
    at Server.app (/usr/lib/node_modules/docsify-cli/node_modules/connect/index.js:51:37)
    at Server.emit (events.js:314:20)
    at parserOnIncoming (_http_server.js:779:12)
    at HTTPParser.parserOnHeadersComplete (_http_common.js:122:17)
TypeError: Cannot read property 'split' of undefined
    at livereload (/usr/lib/node_modules/docsify-cli/node_modules/connect-livereload/index.js:95:41)
    at call (/usr/lib/node_modules/docsify-cli/node_modules/connect/index.js:239:7)
    at next (/usr/lib/node_modules/docsify-cli/node_modules/connect/index.js:183:5)
    at Function.handle (/usr/lib/node_modules/docsify-cli/node_modules/connect/index.js:186:3)
    at Server.app (/usr/lib/node_modules/docsify-cli/node_modules/connect/index.js:51:37)
    at Server.emit (events.js:314:20)
    at parserOnIncoming (_http_server.js:779:12)
    at HTTPParser.parserOnHeadersComplete (_http_common.js:122:17)
TypeError: Cannot read property 'split' of undefined
    at livereload (/usr/lib/node_modules/docsify-cli/node_modules/connect-livereload/index.js:95:41)
    at call (/usr/lib/node_modules/docsify-cli/node_modules/connect/index.js:239:7)
    at next (/usr/lib/node_modules/docsify-cli/node_modules/connect/index.js:183:5)
    at Function.handle (/usr/lib/node_modules/docsify-cli/node_modules/connect/index.js:186:3)
    at Server.app (/usr/lib/node_modules/docsify-cli/node_modules/connect/index.js:51:37)
    at Server.emit (events.js:314:20)
    at parserOnIncoming (_http_server.js:779:12)
    at HTTPParser.parserOnHeadersComplete (_http_common.js:122:17)
TypeError: Cannot read property 'split' of undefined
    at livereload (/usr/lib/node_modules/docsify-cli/node_modules/connect-livereload/index.js:95:41)
    at call (/usr/lib/node_modules/docsify-cli/node_modules/connect/index.js:239:7)
    at next (/usr/lib/node_modules/docsify-cli/node_modules/connect/index.js:183:5)
    at Function.handle (/usr/lib/node_modules/docsify-cli/node_modules/connect/index.js:186:3)
    at Server.app (/usr/lib/node_modules/docsify-cli/node_modules/connect/index.js:51:37)
    at Server.emit (events.js:314:20)
    at parserOnIncoming (_http_server.js:779:12)
    at HTTPParser.parserOnHeadersComplete (_http_common.js:122:17)
TypeError: Cannot read property 'split' of undefined
    at livereload (/usr/lib/node_modules/docsify-cli/node_modules/connect-livereload/index.js:95:41)
    at call (/usr/lib/node_modules/docsify-cli/node_modules/connect/index.js:239:7)
    at next (/usr/lib/node_modules/docsify-cli/node_modules/connect/index.js:183:5)
    at Function.handle (/usr/lib/node_modules/docsify-cli/node_modules/connect/index.js:186:3)
    at Server.app (/usr/lib/node_modules/docsify-cli/node_modules/connect/index.js:51:37)
    at Server.emit (events.js:314:20)
    at parserOnIncoming (_http_server.js:779:12)
    at HTTPParser.parserOnHeadersComplete (_http_common.js:122:17)
TypeError: Cannot read property 'split' of undefined
    at livereload (/usr/lib/node_modules/docsify-cli/node_modules/connect-livereload/index.js:95:41)
    at call (/usr/lib/node_modules/docsify-cli/node_modules/connect/index.js:239:7)
    at next (/usr/lib/node_modules/docsify-cli/node_modules/connect/index.js:183:5)
    at Function.handle (/usr/lib/node_modules/docsify-cli/node_modules/connect/index.js:186:3)
    at Server.app (/usr/lib/node_modules/docsify-cli/node_modules/connect/index.js:51:37)
    at Server.emit (events.js:314:20)
    at parserOnIncoming (_http_server.js:779:12)
    at HTTPParser.parserOnHeadersComplete (_http_common.js:122:17)
TypeError: Cannot read property 'split' of undefined
    at livereload (/usr/lib/node_modules/docsify-cli/node_modules/connect-livereload/index.js:95:41)
    at call (/usr/lib/node_modules/docsify-cli/node_modules/connect/index.js:239:7)
    at next (/usr/lib/node_modules/docsify-cli/node_modules/connect/index.js:183:5)
    at Function.handle (/usr/lib/node_modules/docsify-cli/node_modules/connect/index.js:186:3)
    at Server.app (/usr/lib/node_modules/docsify-cli/node_modules/connect/index.js:51:37)
    at Server.emit (events.js:314:20)
    at parserOnIncoming (_http_server.js:779:12)
    at HTTPParser.parserOnHeadersComplete (_http_common.js:122:17)
TypeError: Cannot read property 'split' of undefined
    at livereload (/usr/lib/node_modules/docsify-cli/node_modules/connect-livereload/index.js:95:41)
    at call (/usr/lib/node_modules/docsify-cli/node_modules/connect/index.js:239:7)
    at next (/usr/lib/node_modules/docsify-cli/node_modules/connect/index.js:183:5)
    at Function.handle (/usr/lib/node_modules/docsify-cli/node_modules/connect/index.js:186:3)
    at Server.app (/usr/lib/node_modules/docsify-cli/node_modules/connect/index.js:51:37)
    at Server.emit (events.js:314:20)
    at parserOnIncoming (_http_server.js:779:12)
    at HTTPParser.parserOnHeadersComplete (_http_common.js:122:17)
TypeError: Cannot read property 'split' of undefined
    at livereload (/usr/lib/node_modules/docsify-cli/node_modules/connect-livereload/index.js:95:41)
    at call (/usr/lib/node_modules/docsify-cli/node_modules/connect/index.js:239:7)
    at next (/usr/lib/node_modules/docsify-cli/node_modules/connect/index.js:183:5)
    at Function.handle (/usr/lib/node_modules/docsify-cli/node_modules/connect/index.js:186:3)
    at Server.app (/usr/lib/node_modules/docsify-cli/node_modules/connect/index.js:51:37)
    at Server.emit (events.js:314:20)
    at parserOnIncoming (_http_server.js:779:12)
    at HTTPParser.parserOnHeadersComplete (_http_common.js:122:17)
TypeError: Cannot read property 'split' of undefined
    at livereload (/usr/lib/node_modules/docsify-cli/node_modules/connect-livereload/index.js:95:41)
    at call (/usr/lib/node_modules/docsify-cli/node_modules/connect/index.js:239:7)
    at next (/usr/lib/node_modules/docsify-cli/node_modules/connect/index.js:183:5)
    at Function.handle (/usr/lib/node_modules/docsify-cli/node_modules/connect/index.js:186:3)
    at Server.app (/usr/lib/node_modules/docsify-cli/node_modules/connect/index.js:51:37)
    at Server.emit (events.js:314:20)
    at parserOnIncoming (_http_server.js:779:12)
    at HTTPParser.parserOnHeadersComplete (_http_common.js:122:17)
TypeError: Cannot read property 'split' of undefined
    at livereload (/usr/lib/node_modules/docsify-cli/node_modules/connect-livereload/index.js:95:41)
    at call (/usr/lib/node_modules/docsify-cli/node_modules/connect/index.js:239:7)
    at next (/usr/lib/node_modules/docsify-cli/node_modules/connect/index.js:183:5)
    at Function.handle (/usr/lib/node_modules/docsify-cli/node_modules/connect/index.js:186:3)
    at Server.app (/usr/lib/node_modules/docsify-cli/node_modules/connect/index.js:51:37)
    at Server.emit (events.js:314:20)
    at parserOnIncoming (_http_server.js:779:12)
    at HTTPParser.parserOnHeadersComplete (_http_common.js:122:17)
TypeError: Cannot read property 'split' of undefined
    at livereload (/usr/lib/node_modules/docsify-cli/node_modules/connect-livereload/index.js:95:41)
    at call (/usr/lib/node_modules/docsify-cli/node_modules/connect/index.js:239:7)
    at next (/usr/lib/node_modules/docsify-cli/node_modules/connect/index.js:183:5)
    at Function.handle (/usr/lib/node_modules/docsify-cli/node_modules/connect/index.js:186:3)
    at Server.app (/usr/lib/node_modules/docsify-cli/node_modules/connect/index.js:51:37)
    at Server.emit (events.js:314:20)
    at parserOnIncoming (_http_server.js:779:12)
    at HTTPParser.parserOnHeadersComplete (_http_common.js:122:17)
TypeError: Cannot read property 'split' of undefined
    at livereload (/usr/lib/node_modules/docsify-cli/node_modules/connect-livereload/index.js:95:41)
    at call (/usr/lib/node_modules/docsify-cli/node_modules/connect/index.js:239:7)
    at next (/usr/lib/node_modules/docsify-cli/node_modules/connect/index.js:183:5)
    at Function.handle (/usr/lib/node_modules/docsify-cli/node_modules/connect/index.js:186:3)
    at Server.app (/usr/lib/node_modules/docsify-cli/node_modules/connect/index.js:51:37)
    at Server.emit (events.js:314:20)
    at parserOnIncoming (_http_server.js:779:12)
    at HTTPParser.parserOnHeadersComplete (_http_common.js:122:17)
TypeError: Cannot read property 'split' of undefined
    at livereload (/usr/lib/node_modules/docsify-cli/node_modules/connect-livereload/index.js:95:41)
    at call (/usr/lib/node_modules/docsify-cli/node_modules/connect/index.js:239:7)
    at next (/usr/lib/node_modules/docsify-cli/node_modules/connect/index.js:183:5)
    at Function.handle (/usr/lib/node_modules/docsify-cli/node_modules/connect/index.js:186:3)
    at Server.app (/usr/lib/node_modules/docsify-cli/node_modules/connect/index.js:51:37)
    at Server.emit (events.js:314:20)
    at parserOnIncoming (_http_server.js:779:12)
    at HTTPParser.parserOnHeadersComplete (_http_common.js:122:17)
TypeError: Cannot read property 'split' of undefined
    at livereload (/usr/lib/node_modules/docsify-cli/node_modules/connect-livereload/index.js:95:41)
    at call (/usr/lib/node_modules/docsify-cli/node_modules/connect/index.js:239:7)
    at next (/usr/lib/node_modules/docsify-cli/node_modules/connect/index.js:183:5)
    at Function.handle (/usr/lib/node_modules/docsify-cli/node_modules/connect/index.js:186:3)
    at Server.app (/usr/lib/node_modules/docsify-cli/node_modules/connect/index.js:51:37)
    at Server.emit (events.js:314:20)
    at parserOnIncoming (_http_server.js:779:12)
    at HTTPParser.parserOnHeadersComplete (_http_common.js:122:17)
TypeError: Cannot read property 'split' of undefined
    at livereload (/usr/lib/node_modules/docsify-cli/node_modules/connect-livereload/index.js:95:41)
    at call (/usr/lib/node_modules/docsify-cli/node_modules/connect/index.js:239:7)
    at next (/usr/lib/node_modules/docsify-cli/node_modules/connect/index.js:183:5)
    at Function.handle (/usr/lib/node_modules/docsify-cli/node_modules/connect/index.js:186:3)
    at Server.app (/usr/lib/node_modules/docsify-cli/node_modules/connect/index.js:51:37)
    at Server.emit (events.js:314:20)
    at parserOnIncoming (_http_server.js:779:12)
    at HTTPParser.parserOnHeadersComplete (_http_common.js:122:17)
TypeError: Cannot read property 'split' of undefined
    at livereload (/usr/lib/node_modules/docsify-cli/node_modules/connect-livereload/index.js:95:41)
    at call (/usr/lib/node_modules/docsify-cli/node_modules/connect/index.js:239:7)
    at next (/usr/lib/node_modules/docsify-cli/node_modules/connect/index.js:183:5)
    at Function.handle (/usr/lib/node_modules/docsify-cli/node_modules/connect/index.js:186:3)
    at Server.app (/usr/lib/node_modules/docsify-cli/node_modules/connect/index.js:51:37)
    at Server.emit (events.js:314:20)
    at parserOnIncoming (_http_server.js:779:12)
    at HTTPParser.parserOnHeadersComplete (_http_common.js:122:17)
TypeError: Cannot read property 'split' of undefined
    at livereload (/usr/lib/node_modules/docsify-cli/node_modules/connect-livereload/index.js:95:41)
    at call (/usr/lib/node_modules/docsify-cli/node_modules/connect/index.js:239:7)
    at next (/usr/lib/node_modules/docsify-cli/node_modules/connect/index.js:183:5)
    at Function.handle (/usr/lib/node_modules/docsify-cli/node_modules/connect/index.js:186:3)
    at Server.app (/usr/lib/node_modules/docsify-cli/node_modules/connect/index.js:51:37)
    at Server.emit (events.js:314:20)
    at parserOnIncoming (_http_server.js:779:12)
    at HTTPParser.parserOnHeadersComplete (_http_common.js:122:17)
TypeError: Cannot read property 'split' of undefined
    at livereload (/usr/lib/node_modules/docsify-cli/node_modules/connect-livereload/index.js:95:41)
    at call (/usr/lib/node_modules/docsify-cli/node_modules/connect/index.js:239:7)
    at next (/usr/lib/node_modules/docsify-cli/node_modules/connect/index.js:183:5)
    at Function.handle (/usr/lib/node_modules/docsify-cli/node_modules/connect/index.js:186:3)
    at Server.app (/usr/lib/node_modules/docsify-cli/node_modules/connect/index.js:51:37)
    at Server.emit (events.js:314:20)
    at parserOnIncoming (_http_server.js:779:12)
    at HTTPParser.parserOnHeadersComplete (_http_common.js:122:17)
TypeError: Cannot read property 'split' of undefined
    at livereload (/usr/lib/node_modules/docsify-cli/node_modules/connect-livereload/index.js:95:41)
    at call (/usr/lib/node_modules/docsify-cli/node_modules/connect/index.js:239:7)
    at next (/usr/lib/node_modules/docsify-cli/node_modules/connect/index.js:183:5)
    at Function.handle (/usr/lib/node_modules/docsify-cli/node_modules/connect/index.js:186:3)
    at Server.app (/usr/lib/node_modules/docsify-cli/node_modules/connect/index.js:51:37)
    at Server.emit (events.js:314:20)
    at parserOnIncoming (_http_server.js:779:12)
    at HTTPParser.parserOnHeadersComplete (_http_common.js:122:17)
TypeError: Cannot read property 'split' of undefined
    at livereload (/usr/lib/node_modules/docsify-cli/node_modules/connect-livereload/index.js:95:41)
    at call (/usr/lib/node_modules/docsify-cli/node_modules/connect/index.js:239:7)
    at next (/usr/lib/node_modules/docsify-cli/node_modules/connect/index.js:183:5)
    at Function.handle (/usr/lib/node_modules/docsify-cli/node_modules/connect/index.js:186:3)
    at Server.app (/usr/lib/node_modules/docsify-cli/node_modules/connect/index.js:51:37)
    at Server.emit (events.js:314:20)
    at parserOnIncoming (_http_server.js:779:12)
    at HTTPParser.parserOnHeadersComplete (_http_common.js:122:17)
TypeError: Cannot read property 'split' of undefined
    at livereload (/usr/lib/node_modules/docsify-cli/node_modules/connect-livereload/index.js:95:41)
    at call (/usr/lib/node_modules/docsify-cli/node_modules/connect/index.js:239:7)
    at next (/usr/lib/node_modules/docsify-cli/node_modules/connect/index.js:183:5)
    at Function.handle (/usr/lib/node_modules/docsify-cli/node_modules/connect/index.js:186:3)
    at Server.app (/usr/lib/node_modules/docsify-cli/node_modules/connect/index.js:51:37)
    at Server.emit (events.js:314:20)
    at parserOnIncoming (_http_server.js:779:12)
    at HTTPParser.parserOnHeadersComplete (_http_common.js:122:17)
TypeError: Cannot read property 'split' of undefined
    at livereload (/usr/lib/node_modules/docsify-cli/node_modules/connect-livereload/index.js:95:41)
    at call (/usr/lib/node_modules/docsify-cli/node_modules/connect/index.js:239:7)
    at next (/usr/lib/node_modules/docsify-cli/node_modules/connect/index.js:183:5)
    at Function.handle (/usr/lib/node_modules/docsify-cli/node_modules/connect/index.js:186:3)
    at Server.app (/usr/lib/node_modules/docsify-cli/node_modules/connect/index.js:51:37)
    at Server.emit (events.js:314:20)
    at parserOnIncoming (_http_server.js:779:12)
    at HTTPParser.parserOnHeadersComplete (_http_common.js:122:17)
TypeError: Cannot read property 'split' of undefined
    at livereload (/usr/lib/node_modules/docsify-cli/node_modules/connect-livereload/index.js:95:41)
    at call (/usr/lib/node_modules/docsify-cli/node_modules/connect/index.js:239:7)
    at next (/usr/lib/node_modules/docsify-cli/node_modules/connect/index.js:183:5)
    at Function.handle (/usr/lib/node_modules/docsify-cli/node_modules/connect/index.js:186:3)
    at Server.app (/usr/lib/node_modules/docsify-cli/node_modules/connect/index.js:51:37)
    at Server.emit (events.js:314:20)
    at parserOnIncoming (_http_server.js:779:12)
    at HTTPParser.parserOnHeadersComplete (_http_common.js:122:17)
TypeError: Cannot read property 'split' of undefined
    at livereload (/usr/lib/node_modules/docsify-cli/node_modules/connect-livereload/index.js:95:41)
    at call (/usr/lib/node_modules/docsify-cli/node_modules/connect/index.js:239:7)
    at next (/usr/lib/node_modules/docsify-cli/node_modules/connect/index.js:183:5)
    at Function.handle (/usr/lib/node_modules/docsify-cli/node_modules/connect/index.js:186:3)
    at Server.app (/usr/lib/node_modules/docsify-cli/node_modules/connect/index.js:51:37)
    at Server.emit (events.js:314:20)
    at parserOnIncoming (_http_server.js:779:12)
    at HTTPParser.parserOnHeadersComplete (_http_common.js:122:17)
TypeError: Cannot read property 'split' of undefined
    at livereload (/usr/lib/node_modules/docsify-cli/node_modules/connect-livereload/index.js:95:41)
    at call (/usr/lib/node_modules/docsify-cli/node_modules/connect/index.js:239:7)
    at next (/usr/lib/node_modules/docsify-cli/node_modules/connect/index.js:183:5)
    at Function.handle (/usr/lib/node_modules/docsify-cli/node_modules/connect/index.js:186:3)
    at Server.app (/usr/lib/node_modules/docsify-cli/node_modules/connect/index.js:51:37)
    at Server.emit (events.js:314:20)
    at parserOnIncoming (_http_server.js:779:12)
    at HTTPParser.parserOnHeadersComplete (_http_common.js:122:17)
TypeError: Cannot read property 'split' of undefined
    at livereload (/usr/lib/node_modules/docsify-cli/node_modules/connect-livereload/index.js:95:41)
    at call (/usr/lib/node_modules/docsify-cli/node_modules/connect/index.js:239:7)
    at next (/usr/lib/node_modules/docsify-cli/node_modules/connect/index.js:183:5)
    at Function.handle (/usr/lib/node_modules/docsify-cli/node_modules/connect/index.js:186:3)
    at Server.app (/usr/lib/node_modules/docsify-cli/node_modules/connect/index.js:51:37)
    at Server.emit (events.js:314:20)
    at parserOnIncoming (_http_server.js:779:12)
    at HTTPParser.parserOnHeadersComplete (_http_common.js:122:17)
TypeError: Cannot read property 'split' of undefined
    at livereload (/usr/lib/node_modules/docsify-cli/node_modules/connect-livereload/index.js:95:41)
    at call (/usr/lib/node_modules/docsify-cli/node_modules/connect/index.js:239:7)
    at next (/usr/lib/node_modules/docsify-cli/node_modules/connect/index.js:183:5)
    at Function.handle (/usr/lib/node_modules/docsify-cli/node_modules/connect/index.js:186:3)
    at Server.app (/usr/lib/node_modules/docsify-cli/node_modules/connect/index.js:51:37)
    at Server.emit (events.js:314:20)
    at parserOnIncoming (_http_server.js:779:12)
    at HTTPParser.parserOnHeadersComplete (_http_common.js:122:17)
